2022-06-04 14:55:51.654 | DEBUG    | bot.bot:main_btn:74 - babayka57 нажал кнопку Рик и Морти
2022-06-04 14:55:51.794 | INFO     | bot.bot:main_btn:78 - Запуск Скачивания Серий Рик и Морти
2022-06-04 14:57:19.176 | INFO     | bot.bot:main_btn:84 - Сжатие файла 0.mp4
2022-06-04 15:06:46.881 | DEBUG    | bot.bot:cmd_test1:35 - babayka57 обновляет базу данных
2022-06-04 15:15:04.335 | DEBUG    | bot.bot:cmd_test1:35 - babayka57 обновляет базу данных
2022-06-04 15:28:10.110 | DEBUG    | bot.bot:cmd_test1:35 - babayka57 обновляет базу данных
2022-06-04 15:29:28.442 | DEBUG    | bot.bot:cmd_test1:35 - babayka57 обновляет базу данных
2022-06-04 15:36:13.184 | DEBUG    | bot.bot:main_btn:51 - babayka57 нажал кнопку Южный Парк
2022-06-04 15:36:13.373 | INFO     | bot.bot:main_btn:55 - Запуск Скачивания Серий Южного Парка
2022-06-04 15:37:12.322 | DEBUG    | bot.bot:main_btn:51 - babayka57 нажал кнопку Южный Парк
2022-06-04 15:37:12.423 | INFO     | bot.bot:main_btn:55 - Запуск Скачивания Серий Южного Парка
2022-06-04 15:38:14.579 | DEBUG    | bot.bot:main_btn:51 - babayka57 нажал кнопку Южный Парк
2022-06-04 15:38:14.692 | INFO     | bot.bot:main_btn:55 - Запуск Скачивания Серий Южного Парка
2022-06-04 15:38:42.622 | DEBUG    | bot.bot:main_btn:51 - babayka57 нажал кнопку Южный Парк
2022-06-04 15:38:42.750 | INFO     | bot.bot:main_btn:55 - Запуск Скачивания Серий Южного Парка
2022-06-04 15:39:39.552 | INFO     | bot.bot:main_btn:63 - файл 0.mp4 загружен!
2022-06-04 15:40:36.016 | INFO     | bot.bot:main_btn:63 - файл 1.mp4 загружен!
2022-06-04 15:41:33.942 | INFO     | bot.bot:main_btn:63 - файл 2.mp4 загружен!
2022-06-04 15:42:26.771 | INFO     | bot.bot:main_btn:63 - файл 3.mp4 загружен!
2022-06-04 15:43:24.194 | INFO     | bot.bot:main_btn:63 - файл 4.mp4 загружен!
2022-06-04 15:44:26.464 | INFO     | bot.bot:main_btn:63 - файл 5.mp4 загружен!
2022-06-04 15:45:20.516 | INFO     | bot.bot:main_btn:63 - файл 6.mp4 загружен!
2022-06-04 15:46:16.007 | INFO     | bot.bot:main_btn:63 - файл 7.mp4 загружен!
2022-06-04 15:47:19.631 | INFO     | bot.bot:main_btn:63 - файл 8.mp4 загружен!
2022-06-04 15:48:19.035 | INFO     | bot.bot:main_btn:63 - файл 9.mp4 загружен!
2022-06-04 15:49:20.846 | INFO     | bot.bot:main_btn:63 - файл 10.mp4 загружен!
2022-06-04 15:50:10.656 | INFO     | bot.bot:main_btn:63 - файл 11.mp4 загружен!
2022-06-04 15:51:05.512 | INFO     | bot.bot:main_btn:63 - файл 12.mp4 загружен!
2022-06-04 15:52:07.143 | INFO     | bot.bot:main_btn:63 - файл 13.mp4 загружен!
2022-06-04 15:53:04.067 | INFO     | bot.bot:main_btn:63 - файл 14.mp4 загружен!
2022-06-04 15:54:02.296 | INFO     | bot.bot:main_btn:63 - файл 15.mp4 загружен!
2022-06-04 15:54:56.759 | INFO     | bot.bot:main_btn:63 - файл 16.mp4 загружен!
2022-06-04 15:55:49.703 | INFO     | bot.bot:main_btn:63 - файл 17.mp4 загружен!
2022-06-04 15:56:45.388 | INFO     | bot.bot:main_btn:63 - файл 18.mp4 загружен!
2022-06-04 15:57:32.527 | INFO     | bot.bot:main_btn:63 - файл 19.mp4 загружен!
2022-06-04 15:58:22.924 | INFO     | bot.bot:main_btn:63 - файл 20.mp4 загружен!
2022-06-04 15:59:21.273 | INFO     | bot.bot:main_btn:63 - файл 21.mp4 загружен!
2022-06-04 16:00:11.602 | INFO     | bot.bot:main_btn:63 - файл 22.mp4 загружен!
2022-06-04 16:01:06.262 | INFO     | bot.bot:main_btn:63 - файл 23.mp4 загружен!
2022-06-04 16:01:56.965 | INFO     | bot.bot:main_btn:63 - файл 24.mp4 загружен!
2022-06-04 16:02:50.700 | INFO     | bot.bot:main_btn:63 - файл 25.mp4 загружен!
2022-06-04 16:03:42.886 | INFO     | bot.bot:main_btn:63 - файл 26.mp4 загружен!
2022-06-04 16:04:35.837 | INFO     | bot.bot:main_btn:63 - файл 27.mp4 загружен!
2022-06-04 16:05:28.003 | INFO     | bot.bot:main_btn:63 - файл 28.mp4 загружен!
2022-06-04 16:06:24.111 | INFO     | bot.bot:main_btn:63 - файл 29.mp4 загружен!
2022-06-04 16:07:20.216 | INFO     | bot.bot:main_btn:63 - файл 30.mp4 загружен!
2022-06-04 16:08:21.222 | INFO     | bot.bot:main_btn:63 - файл 31.mp4 загружен!
2022-06-04 16:09:21.341 | INFO     | bot.bot:main_btn:63 - файл 32.mp4 загружен!
2022-06-04 16:10:15.495 | INFO     | bot.bot:main_btn:63 - файл 33.mp4 загружен!
2022-06-04 16:11:10.674 | INFO     | bot.bot:main_btn:63 - файл 34.mp4 загружен!
2022-06-04 16:12:35.549 | INFO     | bot.bot:main_btn:63 - файл 35.mp4 загружен!
2022-06-04 16:19:18.893 | DEBUG    | bot.bot:cmd_start:28 - babayka57 подключился к боту
2022-06-04 16:19:30.076 | DEBUG    | bot.bot:main_btn:51 - babayka57 нажал кнопку Южный Парк
2022-06-04 16:19:30.197 | INFO     | bot.bot:main_btn:54 - Запуск Скачивания Серий Южного Парка
2022-06-04 16:20:32.124 | INFO     | bot.bot:main_btn:64 - файл 1_1.mp4 загружен!
2022-06-04 16:21:35.644 | INFO     | bot.bot:main_btn:64 - файл 2_1.mp4 загружен!
2022-06-04 16:22:35.702 | INFO     | bot.bot:main_btn:64 - файл 3_1.mp4 загружен!
2022-06-04 16:23:37.100 | INFO     | bot.bot:main_btn:64 - файл 4_1.mp4 загружен!
2022-06-04 16:24:24.996 | INFO     | bot.bot:main_btn:64 - файл 5_1.mp4 загружен!
2022-06-04 16:25:21.662 | INFO     | bot.bot:main_btn:64 - файл 6_1.mp4 загружен!
2022-06-04 16:26:25.441 | INFO     | bot.bot:main_btn:64 - файл 7_1.mp4 загружен!
2022-06-04 16:27:19.971 | INFO     | bot.bot:main_btn:64 - файл 8_1.mp4 загружен!
2022-06-04 16:28:23.230 | INFO     | bot.bot:main_btn:64 - файл 9_1.mp4 загружен!
2022-06-04 16:29:31.135 | INFO     | bot.bot:main_btn:64 - файл 10_1.mp4 загружен!
2022-06-04 16:30:34.769 | INFO     | bot.bot:main_btn:64 - файл 11_1.mp4 загружен!
2022-06-04 16:31:23.464 | INFO     | bot.bot:main_btn:64 - файл 12_1.mp4 загружен!
2022-06-04 16:32:10.161 | INFO     | bot.bot:main_btn:64 - файл 13_1.mp4 загружен!
2022-06-04 16:33:11.083 | INFO     | bot.bot:main_btn:64 - файл 1_2.mp4 загружен!
2022-06-04 16:34:13.176 | INFO     | bot.bot:main_btn:64 - файл 2_2.mp4 загружен!
2022-06-04 16:35:19.103 | INFO     | bot.bot:main_btn:64 - файл 3_2.mp4 загружен!
2022-06-04 16:36:16.644 | INFO     | bot.bot:main_btn:64 - файл 4_2.mp4 загружен!
2022-06-04 16:37:21.548 | INFO     | bot.bot:main_btn:64 - файл 5_2.mp4 загружен!
2022-06-04 16:38:17.577 | INFO     | bot.bot:main_btn:64 - файл 6_2.mp4 загружен!
2022-06-04 16:39:14.103 | INFO     | bot.bot:main_btn:64 - файл 7_2.mp4 загружен!
2022-06-04 16:40:26.766 | DEBUG    | bot.bot:cmd_start:28 - babayka57 подключился к боту
2022-06-04 16:40:27.952 | DEBUG    | bot.bot:main_btn:51 - babayka57 нажал кнопку Южный Парк
2022-06-04 16:40:28.058 | INFO     | bot.bot:main_btn:54 - Запуск Скачивания Серий Южного Парка
2022-06-04 16:41:23.175 | INFO     | bot.bot:main_btn:64 - файл 1_1.mp4 загружен!
2022-06-04 16:42:15.473 | INFO     | bot.bot:main_btn:64 - файл 1_2.mp4 загружен!
2022-06-04 16:43:19.098 | INFO     | bot.bot:main_btn:64 - файл 1_3.mp4 загружен!
2022-06-04 16:44:24.008 | INFO     | bot.bot:main_btn:64 - файл 1_4.mp4 загружен!
2022-06-04 16:45:25.718 | INFO     | bot.bot:main_btn:64 - файл 1_5.mp4 загружен!
2022-06-04 16:46:21.033 | INFO     | bot.bot:main_btn:64 - файл 1_6.mp4 загружен!
2022-06-04 16:47:16.347 | INFO     | bot.bot:main_btn:64 - файл 1_7.mp4 загружен!
2022-06-04 16:48:16.950 | INFO     | bot.bot:main_btn:64 - файл 1_8.mp4 загружен!
2022-06-04 16:49:14.053 | INFO     | bot.bot:main_btn:64 - файл 1_9.mp4 загружен!
2022-06-04 16:50:04.916 | INFO     | bot.bot:main_btn:64 - файл 1_10.mp4 загружен!
2022-06-04 16:50:51.132 | INFO     | bot.bot:main_btn:64 - файл 1_11.mp4 загружен!
2022-06-04 16:51:45.127 | INFO     | bot.bot:main_btn:64 - файл 1_12.mp4 загружен!
2022-06-04 16:52:34.919 | INFO     | bot.bot:main_btn:64 - файл 1_13.mp4 загружен!
2022-06-04 16:53:34.645 | INFO     | bot.bot:main_btn:64 - файл 2_1.mp4 загружен!
2022-06-04 16:54:32.509 | INFO     | bot.bot:main_btn:64 - файл 2_2.mp4 загружен!
2022-06-04 16:55:34.647 | INFO     | bot.bot:main_btn:64 - файл 2_3.mp4 загружен!
2022-06-04 16:56:36.717 | INFO     | bot.bot:main_btn:64 - файл 2_4.mp4 загружен!
2022-06-04 16:57:38.460 | INFO     | bot.bot:main_btn:64 - файл 2_5.mp4 загружен!
2022-06-04 16:58:41.040 | INFO     | bot.bot:main_btn:64 - файл 2_6.mp4 загружен!
2022-06-04 16:59:38.606 | INFO     | bot.bot:main_btn:64 - файл 2_7.mp4 загружен!
2022-06-04 17:00:38.621 | INFO     | bot.bot:main_btn:64 - файл 2_8.mp4 загружен!
2022-06-04 17:01:30.643 | INFO     | bot.bot:main_btn:64 - файл 2_9.mp4 загружен!
2022-06-04 17:02:17.477 | INFO     | bot.bot:main_btn:64 - файл 2_10.mp4 загружен!
2022-06-04 17:03:25.399 | INFO     | bot.bot:main_btn:64 - файл 2_11.mp4 загружен!
2022-06-04 17:04:25.381 | INFO     | bot.bot:main_btn:64 - файл 2_12.mp4 загружен!
2022-06-04 17:33:28.671 | DEBUG    | bot.bot:cmd_start:30 - babayka57 подключился к боту
2022-06-04 17:33:30.789 | DEBUG    | bot.bot:main_btn:53 - babayka57 нажал кнопку Скачивание файлов
2022-06-04 17:33:30.887 | INFO     | bot.bot:main_btn:56 - Запуск Скачивания Серий Южного Парка
2022-06-04 17:34:26.946 | INFO     | bot.bot:main_btn:66 - Южный Парк сезон:1 серия:1 Загружен
2022-06-04 17:35:23.046 | INFO     | bot.bot:main_btn:66 - Южный Парк сезон:1 серия:2 Загружен
2022-06-04 17:36:22.262 | INFO     | bot.bot:main_btn:66 - Южный Парк сезон:1 серия:3 Загружен
2022-06-04 17:37:35.955 | INFO     | bot.bot:main_btn:66 - Южный Парк сезон:1 серия:4 Загружен
2022-06-04 17:38:30.928 | INFO     | bot.bot:main_btn:66 - Южный Парк сезон:1 серия:5 Загружен
2022-06-04 17:39:29.419 | INFO     | bot.bot:main_btn:66 - Южный Парк сезон:1 серия:6 Загружен
2022-06-04 17:40:16.000 | INFO     | bot.bot:main_btn:66 - Южный Парк сезон:1 серия:7 Загружен
2022-06-04 17:41:09.315 | INFO     | bot.bot:main_btn:66 - Южный Парк сезон:1 серия:8 Загружен
2022-06-04 17:42:02.348 | INFO     | bot.bot:main_btn:66 - Южный Парк сезон:1 серия:9 Загружен
2022-06-04 17:43:01.767 | INFO     | bot.bot:main_btn:66 - Южный Парк сезон:1 серия:10 Загружен
2022-06-04 17:43:55.377 | INFO     | bot.bot:main_btn:66 - Южный Парк сезон:1 серия:11 Загружен
2022-06-04 17:44:51.285 | INFO     | bot.bot:main_btn:66 - Южный Парк сезон:1 серия:12 Загружен
2022-06-04 17:45:46.083 | INFO     | bot.bot:main_btn:66 - Южный Парк сезон:1 серия:13 Загружен
2022-06-04 17:46:43.404 | INFO     | bot.bot:main_btn:66 - Южный Парк сезон:2 серия:1 Загружен
2022-06-04 17:47:47.298 | INFO     | bot.bot:main_btn:66 - Южный Парк сезон:2 серия:2 Загружен
2022-06-04 17:48:51.671 | INFO     | bot.bot:main_btn:66 - Южный Парк сезон:2 серия:3 Загружен
2022-06-04 17:49:46.620 | INFO     | bot.bot:main_btn:66 - Южный Парк сезон:2 серия:4 Загружен
2022-06-04 17:50:41.294 | INFO     | bot.bot:main_btn:66 - Южный Парк сезон:2 серия:5 Загружен
2022-06-04 17:51:35.639 | INFO     | bot.bot:main_btn:66 - Южный Парк сезон:2 серия:6 Загружен
2022-06-04 17:52:31.432 | INFO     | bot.bot:main_btn:66 - Южный Парк сезон:2 серия:7 Загружен
2022-06-04 17:53:27.481 | INFO     | bot.bot:main_btn:66 - Южный Парк сезон:2 серия:8 Загружен
2022-06-04 17:54:21.031 | INFO     | bot.bot:main_btn:66 - Южный Парк сезон:2 серия:9 Загружен
2022-06-04 17:55:07.353 | INFO     | bot.bot:main_btn:66 - Южный Парк сезон:2 серия:10 Загружен
2022-06-04 17:56:03.287 | INFO     | bot.bot:main_btn:66 - Южный Парк сезон:2 серия:11 Загружен
2022-06-04 17:56:52.367 | INFO     | bot.bot:main_btn:66 - Южный Парк сезон:2 серия:12 Загружен
2022-06-04 17:57:50.260 | INFO     | bot.bot:main_btn:66 - Южный Парк сезон:2 серия:13 Загружен
2022-06-04 17:58:41.174 | INFO     | bot.bot:main_btn:66 - Южный Парк сезон:2 серия:14 Загружен
2022-06-04 17:59:38.664 | INFO     | bot.bot:main_btn:66 - Южный Парк сезон:2 серия:15 Загружен
2022-06-04 18:00:36.901 | INFO     | bot.bot:main_btn:66 - Южный Парк сезон:2 серия:16 Загружен
2022-06-04 18:01:34.087 | INFO     | bot.bot:main_btn:66 - Южный Парк сезон:2 серия:17 Загружен
2022-06-04 18:02:29.401 | INFO     | bot.bot:main_btn:66 - Южный Парк сезон:2 серия:18 Загружен
2022-06-04 18:03:29.020 | INFO     | bot.bot:main_btn:66 - Южный Парк сезон:3 серия:1 Загружен
2022-06-04 18:04:23.943 | INFO     | bot.bot:main_btn:66 - Южный Парк сезон:3 серия:2 Загружен
2022-06-04 18:05:18.253 | INFO     | bot.bot:main_btn:66 - Южный Парк сезон:3 серия:3 Загружен
2022-06-04 18:06:12.648 | INFO     | bot.bot:main_btn:66 - Южный Парк сезон:3 серия:4 Загружен
2022-06-04 18:07:42.792 | INFO     | bot.bot:main_btn:66 - Южный Парк сезон:3 серия:5 Загружен
2022-06-04 18:08:37.788 | INFO     | bot.bot:main_btn:66 - Южный Парк сезон:3 серия:6 Загружен
2022-06-04 18:09:37.915 | INFO     | bot.bot:main_btn:66 - Южный Парк сезон:3 серия:7 Загружен
2022-06-04 18:10:32.490 | INFO     | bot.bot:main_btn:66 - Южный Парк сезон:3 серия:8 Загружен
2022-06-04 18:11:35.765 | INFO     | bot.bot:main_btn:66 - Южный Парк сезон:3 серия:9 Загружен
2022-06-04 18:12:40.146 | INFO     | bot.bot:main_btn:66 - Южный Парк сезон:3 серия:10 Загружен
2022-06-04 18:13:38.089 | INFO     | bot.bot:main_btn:66 - Южный Парк сезон:3 серия:11 Загружен
2022-06-04 18:14:39.437 | INFO     | bot.bot:main_btn:66 - Южный Парк сезон:3 серия:12 Загружен
2022-06-04 18:15:35.424 | INFO     | bot.bot:main_btn:66 - Южный Парк сезон:3 серия:13 Загружен
2022-06-04 18:16:30.353 | INFO     | bot.bot:main_btn:66 - Южный Парк сезон:3 серия:14 Загружен
2022-06-04 18:17:35.682 | INFO     | bot.bot:main_btn:66 - Южный Парк сезон:3 серия:15 Загружен
2022-06-04 18:18:24.378 | INFO     | bot.bot:main_btn:66 - Южный Парк сезон:3 серия:16 Загружен
2022-06-04 18:19:14.524 | INFO     | bot.bot:main_btn:66 - Южный Парк сезон:3 серия:17 Загружен
2022-06-04 18:20:11.856 | INFO     | bot.bot:main_btn:66 - Южный Парк сезон:4 серия:1 Загружен
2022-06-04 18:21:08.941 | INFO     | bot.bot:main_btn:66 - Южный Парк сезон:4 серия:2 Загружен
2022-06-04 18:22:11.253 | INFO     | bot.bot:main_btn:66 - Южный Парк сезон:4 серия:3 Загружен
2022-06-04 18:23:07.590 | INFO     | bot.bot:main_btn:66 - Южный Парк сезон:4 серия:4 Загружен
2022-06-04 18:24:02.860 | INFO     | bot.bot:main_btn:66 - Южный Парк сезон:4 серия:5 Загружен
2022-06-04 18:24:56.847 | INFO     | bot.bot:main_btn:66 - Южный Парк сезон:4 серия:6 Загружен
2022-06-04 18:25:59.593 | INFO     | bot.bot:main_btn:66 - Южный Парк сезон:4 серия:7 Загружен
2022-06-04 18:26:48.780 | INFO     | bot.bot:main_btn:66 - Южный Парк сезон:4 серия:8 Загружен
2022-06-04 18:27:43.496 | INFO     | bot.bot:main_btn:66 - Южный Парк сезон:4 серия:9 Загружен
2022-06-04 18:28:46.746 | INFO     | bot.bot:main_btn:66 - Южный Парк сезон:4 серия:10 Загружен
2022-06-04 18:29:56.392 | INFO     | bot.bot:main_btn:66 - Южный Парк сезон:4 серия:11 Загружен
2022-06-04 18:30:57.977 | INFO     | bot.bot:main_btn:66 - Южный Парк сезон:4 серия:12 Загружен
2022-06-04 18:31:58.402 | INFO     | bot.bot:main_btn:66 - Южный Парк сезон:4 серия:13 Загружен
2022-06-04 18:32:48.364 | INFO     | bot.bot:main_btn:66 - Южный Парк сезон:4 серия:14 Загружен
2022-06-04 18:33:50.754 | INFO     | bot.bot:main_btn:66 - Южный Парк сезон:4 серия:15 Загружен
2022-06-04 18:34:51.329 | INFO     | bot.bot:main_btn:66 - Южный Парк сезон:4 серия:16 Загружен
2022-06-04 18:35:50.089 | INFO     | bot.bot:main_btn:66 - Южный Парк сезон:4 серия:17 Загружен
2022-06-04 18:36:48.242 | INFO     | bot.bot:main_btn:66 - Южный Парк сезон:5 серия:1 Загружен
2022-06-04 18:37:41.155 | INFO     | bot.bot:main_btn:66 - Южный Парк сезон:5 серия:2 Загружен
2022-06-04 18:38:30.310 | INFO     | bot.bot:main_btn:66 - Южный Парк сезон:5 серия:3 Загружен
2022-06-04 18:39:29.230 | INFO     | bot.bot:main_btn:66 - Южный Парк сезон:5 серия:4 Загружен
2022-06-04 18:40:39.566 | INFO     | bot.bot:main_btn:66 - Южный Парк сезон:5 серия:5 Загружен
2022-06-04 18:41:34.154 | INFO     | bot.bot:main_btn:66 - Южный Парк сезон:5 серия:6 Загружен
2022-06-04 18:42:29.904 | INFO     | bot.bot:main_btn:66 - Южный Парк сезон:5 серия:7 Загружен
2022-06-04 18:43:29.577 | INFO     | bot.bot:main_btn:66 - Южный Парк сезон:5 серия:8 Загружен
2022-06-04 18:44:32.923 | INFO     | bot.bot:main_btn:66 - Южный Парк сезон:5 серия:9 Загружен
2022-06-04 18:45:29.986 | INFO     | bot.bot:main_btn:66 - Южный Парк сезон:5 серия:10 Загружен
2022-06-04 18:46:23.801 | INFO     | bot.bot:main_btn:66 - Южный Парк сезон:5 серия:11 Загружен
2022-06-04 18:47:28.022 | INFO     | bot.bot:main_btn:66 - Южный Парк сезон:5 серия:12 Загружен
2022-06-04 18:48:24.678 | INFO     | bot.bot:main_btn:66 - Южный Парк сезон:5 серия:13 Загружен
2022-06-04 18:49:30.361 | INFO     | bot.bot:main_btn:66 - Южный Парк сезон:5 серия:14 Загружен
2022-06-04 18:50:36.369 | INFO     | bot.bot:main_btn:66 - Южный Парк сезон:6 серия:1 Загружен
2022-06-04 18:51:23.272 | INFO     | bot.bot:main_btn:66 - Южный Парк сезон:6 серия:2 Загружен
2022-06-04 18:52:28.376 | INFO     | bot.bot:main_btn:66 - Южный Парк сезон:6 серия:3 Загружен
2022-06-04 18:53:23.408 | INFO     | bot.bot:main_btn:66 - Южный Парк сезон:6 серия:4 Загружен
2022-06-04 18:54:18.200 | INFO     | bot.bot:main_btn:66 - Южный Парк сезон:6 серия:5 Загружен
2022-06-04 18:55:03.701 | INFO     | bot.bot:main_btn:66 - Южный Парк сезон:6 серия:6 Загружен
2022-06-04 18:56:04.412 | INFO     | bot.bot:main_btn:66 - Южный Парк сезон:6 серия:7 Загружен
2022-06-04 18:57:01.060 | INFO     | bot.bot:main_btn:66 - Южный Парк сезон:6 серия:8 Загружен
2022-06-04 18:57:55.019 | INFO     | bot.bot:main_btn:66 - Южный Парк сезон:6 серия:9 Загружен
2022-06-04 18:58:43.958 | INFO     | bot.bot:main_btn:66 - Южный Парк сезон:6 серия:10 Загружен
2022-06-04 18:59:48.329 | INFO     | bot.bot:main_btn:66 - Южный Парк сезон:6 серия:11 Загружен
2022-06-04 19:00:56.171 | INFO     | bot.bot:main_btn:66 - Южный Парк сезон:6 серия:12 Загружен
2022-06-04 19:01:56.950 | INFO     | bot.bot:main_btn:66 - Южный Парк сезон:6 серия:13 Загружен
2022-06-04 19:02:57.190 | INFO     | bot.bot:main_btn:66 - Южный Парк сезон:6 серия:14 Загружен
2022-06-04 19:04:02.580 | INFO     | bot.bot:main_btn:66 - Южный Парк сезон:6 серия:15 Загружен
2022-06-04 19:04:49.020 | INFO     | bot.bot:main_btn:66 - Южный Парк сезон:6 серия:16 Загружен
2022-06-04 19:05:51.355 | INFO     | bot.bot:main_btn:66 - Южный Парк сезон:6 серия:17 Загружен
2022-06-04 19:06:47.719 | INFO     | bot.bot:main_btn:66 - Южный Парк сезон:7 серия:1 Загружен
2022-06-04 19:07:47.354 | INFO     | bot.bot:main_btn:66 - Южный Парк сезон:7 серия:2 Загружен
2022-06-04 19:08:38.177 | INFO     | bot.bot:main_btn:66 - Южный Парк сезон:7 серия:3 Загружен
2022-06-04 19:09:42.681 | DEBUG    | bot.bot:cmd_start:30 - Ciahelper45 подключился к боту
2022-06-04 19:09:43.040 | INFO     | bot.bot:main_btn:66 - Южный Парк сезон:7 серия:4 Загружен
2022-06-04 19:10:28.083 | INFO     | bot.bot:main_btn:66 - Южный Парк сезон:7 серия:5 Загружен
2022-06-04 19:11:22.844 | INFO     | bot.bot:main_btn:66 - Южный Парк сезон:7 серия:6 Загружен
2022-06-04 19:12:22.677 | INFO     | bot.bot:main_btn:66 - Южный Парк сезон:7 серия:7 Загружен
2022-06-04 19:13:22.723 | INFO     | bot.bot:main_btn:66 - Южный Парк сезон:7 серия:8 Загружен
2022-06-04 19:14:16.785 | INFO     | bot.bot:main_btn:66 - Южный Парк сезон:7 серия:9 Загружен
2022-06-04 19:15:15.806 | INFO     | bot.bot:main_btn:66 - Южный Парк сезон:7 серия:10 Загружен
2022-06-04 19:16:17.191 | INFO     | bot.bot:main_btn:66 - Южный Парк сезон:7 серия:11 Загружен
2022-06-04 19:17:10.736 | INFO     | bot.bot:main_btn:66 - Южный Парк сезон:7 серия:12 Загружен
2022-06-04 19:18:05.546 | INFO     | bot.bot:main_btn:66 - Южный Парк сезон:7 серия:13 Загружен
2022-06-04 19:19:02.056 | INFO     | bot.bot:main_btn:66 - Южный Парк сезон:7 серия:14 Загружен
2022-06-04 19:20:02.049 | INFO     | bot.bot:main_btn:66 - Южный Парк сезон:7 серия:15 Загружен
2022-06-04 19:21:10.049 | INFO     | bot.bot:main_btn:66 - Южный Парк сезон:8 серия:1 Загружен
2022-06-04 19:22:03.078 | INFO     | bot.bot:main_btn:66 - Южный Парк сезон:8 серия:2 Загружен
2022-06-04 19:22:56.660 | INFO     | bot.bot:main_btn:66 - Южный Парк сезон:8 серия:3 Загружен
2022-06-04 19:24:23.761 | INFO     | bot.bot:main_btn:66 - Южный Парк сезон:8 серия:4 Загружен
2022-06-04 19:25:40.062 | INFO     | bot.bot:main_btn:66 - Южный Парк сезон:8 серия:5 Загружен
2022-06-04 19:26:34.625 | INFO     | bot.bot:main_btn:66 - Южный Парк сезон:8 серия:6 Загружен
2022-06-04 19:27:34.973 | INFO     | bot.bot:main_btn:66 - Южный Парк сезон:8 серия:7 Загружен
2022-06-04 19:28:32.277 | INFO     | bot.bot:main_btn:66 - Южный Парк сезон:8 серия:8 Загружен
2022-06-04 19:29:25.552 | INFO     | bot.bot:main_btn:66 - Южный Парк сезон:8 серия:9 Загружен
2022-06-04 19:30:24.063 | INFO     | bot.bot:main_btn:66 - Южный Парк сезон:8 серия:10 Загружен
2022-06-04 19:31:17.246 | INFO     | bot.bot:main_btn:66 - Южный Парк сезон:8 серия:11 Загружен
2022-06-04 19:32:10.559 | INFO     | bot.bot:main_btn:66 - Южный Парк сезон:8 серия:12 Загружен
2022-06-04 19:33:11.745 | INFO     | bot.bot:main_btn:66 - Южный Парк сезон:8 серия:13 Загружен
2022-06-04 19:34:09.334 | INFO     | bot.bot:main_btn:66 - Южный Парк сезон:8 серия:14 Загружен
2022-06-04 19:35:01.276 | INFO     | bot.bot:main_btn:66 - Южный Парк сезон:9 серия:1 Загружен
2022-06-04 19:36:07.975 | INFO     | bot.bot:main_btn:66 - Южный Парк сезон:9 серия:2 Загружен
2022-06-04 19:37:12.047 | INFO     | bot.bot:main_btn:66 - Южный Парк сезон:9 серия:3 Загружен
2022-06-04 19:38:14.273 | INFO     | bot.bot:main_btn:66 - Южный Парк сезон:9 серия:4 Загружен
2022-06-04 19:39:19.291 | INFO     | bot.bot:main_btn:66 - Южный Парк сезон:9 серия:5 Загружен
2022-06-04 19:40:22.073 | INFO     | bot.bot:main_btn:66 - Южный Парк сезон:9 серия:6 Загружен
2022-06-04 19:41:17.312 | INFO     | bot.bot:main_btn:66 - Южный Парк сезон:9 серия:7 Загружен
2022-06-04 19:42:19.444 | INFO     | bot.bot:main_btn:66 - Южный Парк сезон:9 серия:8 Загружен
2022-06-04 19:43:16.263 | INFO     | bot.bot:main_btn:66 - Южный Парк сезон:9 серия:9 Загружен
2022-06-04 19:44:04.978 | INFO     | bot.bot:main_btn:66 - Южный Парк сезон:9 серия:10 Загружен
2022-06-04 19:44:56.224 | INFO     | bot.bot:main_btn:66 - Южный Парк сезон:9 серия:11 Загружен
2022-06-04 19:45:49.973 | INFO     | bot.bot:main_btn:66 - Южный Парк сезон:9 серия:12 Загружен
2022-06-04 19:46:48.178 | INFO     | bot.bot:main_btn:66 - Южный Парк сезон:9 серия:13 Загружен
2022-06-04 19:47:40.564 | INFO     | bot.bot:main_btn:66 - Южный Парк сезон:9 серия:14 Загружен
2022-06-04 19:48:36.378 | INFO     | bot.bot:main_btn:66 - Южный Парк сезон:10 серия:1 Загружен
2022-06-04 19:49:38.217 | INFO     | bot.bot:main_btn:66 - Южный Парк сезон:10 серия:2 Загружен
2022-06-04 19:50:39.218 | INFO     | bot.bot:main_btn:66 - Южный Парк сезон:10 серия:3 Загружен
2022-06-04 19:51:38.750 | INFO     | bot.bot:main_btn:66 - Южный Парк сезон:10 серия:4 Загружен
2022-06-04 19:52:30.439 | INFO     | bot.bot:main_btn:66 - Южный Парк сезон:10 серия:5 Загружен
2022-06-04 19:53:21.443 | INFO     | bot.bot:main_btn:66 - Южный Парк сезон:10 серия:6 Загружен
2022-06-04 19:54:18.167 | INFO     | bot.bot:main_btn:66 - Южный Парк сезон:10 серия:7 Загружен
2022-06-04 19:55:30.644 | INFO     | bot.bot:main_btn:66 - Южный Парк сезон:10 серия:8 Загружен
2022-06-04 19:56:28.276 | INFO     | bot.bot:main_btn:66 - Южный Парк сезон:10 серия:9 Загружен
2022-06-04 19:57:28.501 | INFO     | bot.bot:main_btn:66 - Южный Парк сезон:10 серия:10 Загружен
2022-06-04 19:58:43.706 | INFO     | bot.bot:main_btn:66 - Южный Парк сезон:10 серия:11 Загружен
2022-06-04 19:59:43.729 | INFO     | bot.bot:main_btn:66 - Южный Парк сезон:10 серия:12 Загружен
2022-06-04 20:00:58.589 | INFO     | bot.bot:main_btn:66 - Южный Парк сезон:10 серия:13 Загружен
2022-06-04 20:02:04.687 | INFO     | bot.bot:main_btn:66 - Южный Парк сезон:10 серия:14 Загружен
2022-06-04 20:03:06.424 | INFO     | bot.bot:main_btn:66 - Южный Парк сезон:11 серия:1 Загружен
2022-06-04 20:03:58.324 | INFO     | bot.bot:main_btn:66 - Южный Парк сезон:11 серия:2 Загружен
2022-06-04 20:05:27.076 | INFO     | bot.bot:main_btn:66 - Южный Парк сезон:11 серия:3 Загружен
2022-06-04 20:06:48.879 | INFO     | bot.bot:main_btn:66 - Южный Парк сезон:11 серия:4 Загружен
2022-06-04 20:08:07.061 | INFO     | bot.bot:main_btn:66 - Южный Парк сезон:11 серия:5 Загружен
2022-06-04 20:09:29.125 | INFO     | bot.bot:main_btn:66 - Южный Парк сезон:11 серия:6 Загружен
2022-06-04 20:10:57.472 | INFO     | bot.bot:main_btn:66 - Южный Парк сезон:11 серия:7 Загружен
2022-06-04 20:11:50.329 | INFO     | bot.bot:main_btn:66 - Южный Парк сезон:11 серия:8 Загружен
2022-06-04 20:12:51.671 | INFO     | bot.bot:main_btn:66 - Южный Парк сезон:11 серия:9 Загружен
2022-06-04 20:14:22.009 | INFO     | bot.bot:main_btn:66 - Южный Парк сезон:11 серия:10 Загружен
2022-06-04 20:15:41.143 | INFO     | bot.bot:main_btn:66 - Южный Парк сезон:11 серия:11 Загружен
2022-06-04 20:17:09.053 | INFO     | bot.bot:main_btn:66 - Южный Парк сезон:11 серия:12 Загружен
2022-06-04 20:18:20.754 | INFO     | bot.bot:main_btn:66 - Южный Парк сезон:11 серия:13 Загружен
2022-06-04 20:19:17.931 | INFO     | bot.bot:main_btn:66 - Южный Парк сезон:11 серия:14 Загружен
2022-06-04 20:20:10.731 | INFO     | bot.bot:main_btn:66 - Южный Парк сезон:12 серия:1 Загружен
2022-06-04 20:21:21.561 | INFO     | bot.bot:main_btn:66 - Южный Парк сезон:12 серия:2 Загружен
2022-06-04 20:22:24.873 | INFO     | bot.bot:main_btn:66 - Южный Парк сезон:12 серия:3 Загружен
2022-06-04 20:23:36.698 | INFO     | bot.bot:main_btn:66 - Южный Парк сезон:12 серия:4 Загружен
2022-06-04 20:24:41.280 | INFO     | bot.bot:main_btn:66 - Южный Парк сезон:12 серия:5 Загружен
2022-06-04 20:25:40.665 | INFO     | bot.bot:main_btn:66 - Южный Парк сезон:12 серия:6 Загружен
2022-06-04 20:26:51.030 | INFO     | bot.bot:main_btn:66 - Южный Парк сезон:12 серия:7 Загружен
2022-06-04 20:27:56.430 | INFO     | bot.bot:main_btn:66 - Южный Парк сезон:12 серия:8 Загружен
2022-06-04 20:28:57.983 | INFO     | bot.bot:main_btn:66 - Южный Парк сезон:12 серия:9 Загружен
2022-06-04 20:30:11.316 | INFO     | bot.bot:main_btn:66 - Южный Парк сезон:12 серия:10 Загружен
2022-06-04 20:31:55.031 | INFO     | bot.bot:main_btn:66 - Южный Парк сезон:12 серия:11 Загружен
2022-06-04 20:33:06.098 | INFO     | bot.bot:main_btn:66 - Южный Парк сезон:12 серия:12 Загружен
2022-06-04 20:34:04.657 | INFO     | bot.bot:main_btn:66 - Южный Парк сезон:12 серия:13 Загружен
2022-06-04 20:35:06.585 | INFO     | bot.bot:main_btn:66 - Южный Парк сезон:12 серия:14 Загружен
2022-06-04 20:36:25.794 | INFO     | bot.bot:main_btn:66 - Южный Парк сезон:13 серия:1 Загружен
2022-06-04 20:37:20.080 | INFO     | bot.bot:main_btn:66 - Южный Парк сезон:13 серия:2 Загружен
2022-06-04 20:38:15.584 | INFO     | bot.bot:main_btn:66 - Южный Парк сезон:13 серия:3 Загружен
2022-06-04 20:39:23.309 | INFO     | bot.bot:main_btn:66 - Южный Парк сезон:13 серия:4 Загружен
2022-06-04 20:40:27.175 | INFO     | bot.bot:main_btn:66 - Южный Парк сезон:13 серия:5 Загружен
2022-06-04 20:41:38.716 | INFO     | bot.bot:main_btn:66 - Южный Парк сезон:13 серия:6 Загружен
2022-06-04 20:42:40.624 | INFO     | bot.bot:main_btn:66 - Южный Парк сезон:13 серия:7 Загружен
2022-06-04 20:43:40.431 | INFO     | bot.bot:main_btn:66 - Южный Парк сезон:13 серия:8 Загружен
2022-06-04 20:44:42.259 | INFO     | bot.bot:main_btn:66 - Южный Парк сезон:13 серия:9 Загружен
2022-06-04 20:45:48.342 | INFO     | bot.bot:main_btn:66 - Южный Парк сезон:13 серия:10 Загружен
2022-06-04 20:47:09.173 | INFO     | bot.bot:main_btn:66 - Южный Парк сезон:13 серия:11 Загружен
2022-06-04 20:48:22.679 | INFO     | bot.bot:main_btn:66 - Южный Парк сезон:13 серия:12 Загружен
2022-06-04 20:49:08.267 | INFO     | bot.bot:main_btn:66 - Южный Парк сезон:13 серия:13 Загружен
2022-06-04 20:50:39.252 | INFO     | bot.bot:main_btn:66 - Южный Парк сезон:13 серия:14 Загружен
2022-06-04 20:51:44.858 | INFO     | bot.bot:main_btn:66 - Южный Парк сезон:14 серия:1 Загружен
2022-06-04 20:52:45.683 | INFO     | bot.bot:main_btn:66 - Южный Парк сезон:14 серия:2 Загружен
2022-06-04 20:53:58.277 | INFO     | bot.bot:main_btn:66 - Южный Парк сезон:14 серия:3 Загружен
2022-06-04 20:54:53.389 | INFO     | bot.bot:main_btn:66 - Южный Парк сезон:14 серия:4 Загружен
2022-06-04 20:56:01.834 | INFO     | bot.bot:main_btn:66 - Южный Парк сезон:14 серия:5 Загружен
2022-06-04 20:57:32.939 | INFO     | bot.bot:main_btn:66 - Южный Парк сезон:14 серия:6 Загружен
2022-06-04 20:58:43.062 | INFO     | bot.bot:main_btn:66 - Южный Парк сезон:14 серия:7 Загружен
2022-06-04 21:00:08.060 | INFO     | bot.bot:main_btn:66 - Южный Парк сезон:14 серия:8 Загружен
2022-06-04 21:01:08.975 | INFO     | bot.bot:main_btn:66 - Южный Парк сезон:14 серия:9 Загружен
2022-06-04 21:01:57.661 | INFO     | bot.bot:main_btn:66 - Южный Парк сезон:14 серия:10 Загружен
2022-06-04 21:03:07.426 | INFO     | bot.bot:main_btn:66 - Южный Парк сезон:14 серия:11 Загружен
2022-06-04 21:04:17.716 | INFO     | bot.bot:main_btn:66 - Южный Парк сезон:14 серия:12 Загружен
2022-06-04 21:05:33.126 | INFO     | bot.bot:main_btn:66 - Южный Парк сезон:14 серия:13 Загружен
2022-06-04 21:06:19.531 | INFO     | bot.bot:main_btn:66 - Южный Парк сезон:14 серия:14 Загружен
2022-06-04 21:07:18.900 | INFO     | bot.bot:main_btn:66 - Южный Парк сезон:15 серия:1 Загружен
2022-06-04 21:08:12.508 | INFO     | bot.bot:main_btn:66 - Южный Парк сезон:15 серия:2 Загружен
2022-06-04 21:09:22.656 | INFO     | bot.bot:main_btn:66 - Южный Парк сезон:15 серия:3 Загружен
2022-06-04 21:10:25.321 | INFO     | bot.bot:main_btn:66 - Южный Парк сезон:15 серия:4 Загружен
2022-06-04 21:11:43.006 | INFO     | bot.bot:main_btn:66 - Южный Парк сезон:15 серия:5 Загружен
2022-06-04 21:12:39.665 | INFO     | bot.bot:main_btn:66 - Южный Парк сезон:15 серия:6 Загружен
2022-06-04 21:13:47.066 | INFO     | bot.bot:main_btn:66 - Южный Парк сезон:15 серия:7 Загружен
2022-06-04 21:14:50.642 | INFO     | bot.bot:main_btn:66 - Южный Парк сезон:15 серия:8 Загружен
2022-06-04 21:16:22.954 | INFO     | bot.bot:main_btn:66 - Южный Парк сезон:15 серия:9 Загружен
2022-06-04 21:17:27.844 | INFO     | bot.bot:main_btn:66 - Южный Парк сезон:15 серия:10 Загружен
2022-06-04 21:18:19.777 | INFO     | bot.bot:main_btn:66 - Южный Парк сезон:15 серия:11 Загружен
2022-06-04 21:19:06.540 | INFO     | bot.bot:main_btn:66 - Южный Парк сезон:15 серия:12 Загружен
2022-06-04 21:20:13.670 | INFO     | bot.bot:main_btn:66 - Южный Парк сезон:15 серия:13 Загружен
2022-06-04 21:21:01.607 | INFO     | bot.bot:main_btn:66 - Южный Парк сезон:15 серия:14 Загружен
2022-06-04 21:22:33.486 | INFO     | bot.bot:main_btn:66 - Южный Парк сезон:16 серия:1 Загружен
2022-06-04 21:24:07.750 | INFO     | bot.bot:main_btn:66 - Южный Парк сезон:16 серия:2 Загружен
2022-06-04 21:25:37.101 | INFO     | bot.bot:main_btn:66 - Южный Парк сезон:16 серия:3 Загружен
2022-06-04 21:26:23.445 | INFO     | bot.bot:main_btn:66 - Южный Парк сезон:16 серия:4 Загружен
2022-06-04 21:27:21.948 | INFO     | bot.bot:main_btn:66 - Южный Парк сезон:16 серия:5 Загружен
2022-06-04 21:28:57.399 | INFO     | bot.bot:main_btn:66 - Южный Парк сезон:16 серия:6 Загружен
2022-06-04 21:29:53.131 | INFO     | bot.bot:main_btn:66 - Южный Парк сезон:16 серия:7 Загружен
2022-06-04 21:30:44.307 | INFO     | bot.bot:main_btn:66 - Южный Парк сезон:16 серия:8 Загружен
2022-06-04 21:32:17.249 | INFO     | bot.bot:main_btn:66 - Южный Парк сезон:16 серия:9 Загружен
2022-06-04 21:33:03.225 | INFO     | bot.bot:main_btn:66 - Южный Парк сезон:16 серия:10 Загружен
2022-06-04 21:33:57.494 | INFO     | bot.bot:main_btn:66 - Южный Парк сезон:16 серия:11 Загружен
2022-06-04 21:35:02.627 | INFO     | bot.bot:main_btn:66 - Южный Парк сезон:16 серия:12 Загружен
2022-06-04 21:36:21.923 | INFO     | bot.bot:main_btn:66 - Южный Парк сезон:16 серия:13 Загружен
2022-06-04 21:37:16.550 | INFO     | bot.bot:main_btn:66 - Южный Парк сезон:16 серия:14 Загружен
2022-06-04 21:38:07.277 | INFO     | bot.bot:main_btn:66 - Южный Парк сезон:17 серия:1 Загружен
2022-06-04 21:38:54.012 | INFO     | bot.bot:main_btn:66 - Южный Парк сезон:17 серия:2 Загружен
2022-06-04 21:39:46.875 | INFO     | bot.bot:main_btn:66 - Южный Парк сезон:17 серия:3 Загружен
2022-06-04 21:40:42.625 | INFO     | bot.bot:main_btn:66 - Южный Парк сезон:17 серия:4 Загружен
2022-06-04 21:41:39.129 | INFO     | bot.bot:main_btn:66 - Южный Парк сезон:17 серия:5 Загружен
2022-06-04 21:42:38.113 | INFO     | bot.bot:main_btn:66 - Южный Парк сезон:17 серия:6 Загружен
2022-06-04 21:43:44.957 | INFO     | bot.bot:main_btn:66 - Южный Парк сезон:17 серия:7 Загружен
2022-06-04 21:44:42.108 | INFO     | bot.bot:main_btn:66 - Южный Парк сезон:17 серия:8 Загружен
2022-06-04 21:45:44.885 | INFO     | bot.bot:main_btn:66 - Южный Парк сезон:17 серия:9 Загружен
2022-06-04 21:46:53.007 | INFO     | bot.bot:main_btn:66 - Южный Парк сезон:17 серия:10 Загружен
2022-06-04 21:47:56.635 | INFO     | bot.bot:main_btn:66 - Южный Парк сезон:18 серия:1 Загружен
2022-06-04 21:48:56.268 | INFO     | bot.bot:main_btn:66 - Южный Парк сезон:18 серия:2 Загружен
2022-06-04 21:49:56.039 | INFO     | bot.bot:main_btn:66 - Южный Парк сезон:18 серия:3 Загружен
2022-06-04 21:50:56.274 | INFO     | bot.bot:main_btn:66 - Южный Парк сезон:18 серия:4 Загружен
2022-06-04 21:52:08.083 | INFO     | bot.bot:main_btn:66 - Южный Парк сезон:18 серия:5 Загружен
2022-06-04 21:53:13.286 | INFO     | bot.bot:main_btn:66 - Южный Парк сезон:18 серия:6 Загружен
2022-06-04 21:54:16.884 | INFO     | bot.bot:main_btn:66 - Южный Парк сезон:18 серия:7 Загружен
2022-06-04 21:55:11.740 | INFO     | bot.bot:main_btn:66 - Южный Парк сезон:18 серия:8 Загружен
2022-06-04 21:56:12.998 | INFO     | bot.bot:main_btn:66 - Южный Парк сезон:18 серия:9 Загружен
2022-06-04 21:57:14.228 | INFO     | bot.bot:main_btn:66 - Южный Парк сезон:18 серия:10 Загружен
2022-06-04 21:58:23.900 | INFO     | bot.bot:main_btn:66 - Южный Парк сезон:19 серия:1 Загружен
2022-06-04 21:59:29.277 | INFO     | bot.bot:main_btn:66 - Южный Парк сезон:19 серия:2 Загружен
2022-06-04 22:00:44.768 | INFO     | bot.bot:main_btn:66 - Южный Парк сезон:19 серия:3 Загружен
2022-06-04 22:01:59.179 | INFO     | bot.bot:main_btn:66 - Южный Парк сезон:19 серия:4 Загружен
2022-06-04 22:03:03.402 | INFO     | bot.bot:main_btn:66 - Южный Парк сезон:19 серия:5 Загружен
2022-06-04 22:04:04.164 | INFO     | bot.bot:main_btn:66 - Южный Парк сезон:19 серия:6 Загружен
2022-06-04 22:05:02.737 | INFO     | bot.bot:main_btn:66 - Южный Парк сезон:19 серия:7 Загружен
2022-06-04 22:06:00.727 | INFO     | bot.bot:main_btn:66 - Южный Парк сезон:19 серия:8 Загружен
2022-06-04 22:06:58.466 | INFO     | bot.bot:main_btn:66 - Южный Парк сезон:19 серия:9 Загружен
2022-06-04 22:07:55.191 | INFO     | bot.bot:main_btn:66 - Южный Парк сезон:19 серия:10 Загружен
2022-06-04 22:08:45.848 | INFO     | bot.bot:main_btn:66 - Южный Парк сезон:20 серия:1 Загружен
2022-06-04 22:09:42.369 | INFO     | bot.bot:main_btn:66 - Южный Парк сезон:20 серия:2 Загружен
2022-06-04 22:10:32.232 | INFO     | bot.bot:main_btn:66 - Южный Парк сезон:20 серия:3 Загружен
2022-06-04 22:11:31.826 | INFO     | bot.bot:main_btn:66 - Южный Парк сезон:20 серия:4 Загружен
2022-06-04 22:12:21.545 | INFO     | bot.bot:main_btn:66 - Южный Парк сезон:20 серия:5 Загружен
2022-06-04 22:13:16.092 | INFO     | bot.bot:main_btn:66 - Южный Парк сезон:20 серия:6 Загружен
2022-06-04 22:14:09.479 | INFO     | bot.bot:main_btn:66 - Южный Парк сезон:20 серия:7 Загружен
2022-06-04 22:15:15.523 | INFO     | bot.bot:main_btn:66 - Южный Парк сезон:20 серия:8 Загружен
2022-06-04 22:16:10.502 | INFO     | bot.bot:main_btn:66 - Южный Парк сезон:20 серия:9 Загружен
2022-06-04 22:17:06.453 | INFO     | bot.bot:main_btn:66 - Южный Парк сезон:20 серия:10 Загружен
2022-06-04 22:18:06.871 | INFO     | bot.bot:main_btn:66 - Южный Парк сезон:21 серия:1 Загружен
2022-06-04 22:18:52.263 | INFO     | bot.bot:main_btn:66 - Южный Парк сезон:21 серия:2 Загружен
2022-06-04 22:19:53.885 | INFO     | bot.bot:main_btn:66 - Южный Парк сезон:21 серия:3 Загружен
2022-06-04 22:20:52.530 | INFO     | bot.bot:main_btn:66 - Южный Парк сезон:21 серия:4 Загружен
2022-06-04 22:21:49.106 | INFO     | bot.bot:main_btn:66 - Южный Парк сезон:21 серия:5 Загружен
2022-06-04 22:22:42.475 | INFO     | bot.bot:main_btn:66 - Южный Парк сезон:21 серия:6 Загружен
2022-06-04 22:23:37.512 | INFO     | bot.bot:main_btn:66 - Южный Парк сезон:21 серия:7 Загружен
2022-06-04 22:24:41.280 | INFO     | bot.bot:main_btn:66 - Южный Парк сезон:21 серия:8 Загружен
2022-06-04 22:25:42.862 | INFO     | bot.bot:main_btn:66 - Южный Парк сезон:21 серия:9 Загружен
2022-06-04 22:26:44.884 | INFO     | bot.bot:main_btn:66 - Южный Парк сезон:21 серия:10 Загружен
2022-06-04 22:27:39.788 | INFO     | bot.bot:main_btn:66 - Южный Парк сезон:22 серия:1 Загружен
2022-06-04 22:28:38.530 | INFO     | bot.bot:main_btn:66 - Южный Парк сезон:22 серия:2 Загружен
2022-06-04 22:29:40.276 | INFO     | bot.bot:main_btn:66 - Южный Парк сезон:22 серия:3 Загружен
2022-06-04 22:30:51.095 | INFO     | bot.bot:main_btn:66 - Южный Парк сезон:22 серия:4 Загружен
2022-06-04 22:31:54.994 | INFO     | bot.bot:main_btn:66 - Южный Парк сезон:22 серия:5 Загружен
2022-06-04 22:33:03.374 | INFO     | bot.bot:main_btn:66 - Южный Парк сезон:22 серия:6 Загружен
2022-06-04 22:33:54.059 | INFO     | bot.bot:main_btn:66 - Южный Парк сезон:22 серия:7 Загружен
2022-06-04 22:34:55.680 | INFO     | bot.bot:main_btn:66 - Южный Парк сезон:22 серия:8 Загружен
2022-06-04 22:35:52.093 | INFO     | bot.bot:main_btn:66 - Южный Парк сезон:22 серия:9 Загружен
2022-06-04 22:36:54.764 | INFO     | bot.bot:main_btn:66 - Южный Парк сезон:22 серия:10 Загружен
2022-06-04 22:37:58.471 | INFO     | bot.bot:main_btn:66 - Южный Парк сезон:23 серия:1 Загружен
2022-06-04 22:38:59.552 | INFO     | bot.bot:main_btn:66 - Южный Парк сезон:23 серия:2 Загружен
2022-06-04 22:39:55.885 | INFO     | bot.bot:main_btn:66 - Южный Парк сезон:23 серия:3 Загружен
2022-06-04 22:40:47.971 | INFO     | bot.bot:main_btn:66 - Южный Парк сезон:23 серия:4 Загружен
2022-06-04 22:41:41.680 | INFO     | bot.bot:main_btn:66 - Южный Парк сезон:23 серия:5 Загружен
2022-06-04 22:42:36.243 | INFO     | bot.bot:main_btn:66 - Южный Парк сезон:23 серия:6 Загружен
2022-06-04 22:43:32.467 | INFO     | bot.bot:main_btn:66 - Южный Парк сезон:23 серия:7 Загружен
2022-06-04 22:44:30.138 | INFO     | bot.bot:main_btn:66 - Южный Парк сезон:23 серия:8 Загружен
2022-06-04 22:45:26.403 | INFO     | bot.bot:main_btn:66 - Южный Парк сезон:23 серия:9 Загружен
2022-06-04 22:46:40.463 | INFO     | bot.bot:main_btn:66 - Южный Парк сезон:23 серия:10 Загружен
2022-06-04 22:48:59.248 | INFO     | bot.bot:main_btn:66 - Южный Парк сезон:24 серия:1 Загружен
2022-06-04 22:51:27.308 | INFO     | bot.bot:main_btn:66 - Южный Парк сезон:24 серия:2 Загружен
2022-06-04 22:52:20.995 | INFO     | bot.bot:main_btn:66 - Южный Парк сезон:25 серия:1 Загружен
2022-06-04 22:53:09.895 | INFO     | bot.bot:main_btn:66 - Южный Парк сезон:25 серия:2 Загружен
2022-06-04 22:54:01.447 | INFO     | bot.bot:main_btn:66 - Южный Парк сезон:25 серия:3 Загружен
2022-06-04 22:55:06.662 | INFO     | bot.bot:main_btn:66 - Южный Парк сезон:25 серия:4 Загружен
2022-06-04 22:56:09.380 | INFO     | bot.bot:main_btn:66 - Южный Парк сезон:25 серия:5 Загружен
2022-06-04 22:57:22.104 | INFO     | bot.bot:main_btn:66 - Южный Парк сезон:25 серия:6 Загружен
2022-06-04 22:57:22.104 | INFO     | bot.bot:main_btn:69 - Запуск Скачивания Серий Рик и Морти
2022-06-04 22:58:56.546 | INFO     | bot.bot:main_btn:79 - Рик и Морти сезон:1 серия:1 Загружен
